<?xml version="1.0" encoding="UTF-8"?>
<!-- Generated by org.testng.reporters.JUnitXMLReporter -->
<testsuite hostname="M7-DX-HW0NXJ2" name="Default test" tests="1" failures="1" timestamp="8 Aug 2019 06:16:55 GMT" time="16.238" errors="0">
  <testcase name="feature" time="15.669" classname="Cucumber.RunnerClass">
    <failure type="cucumber.runtime.CucumberException" message="cucumber.runtime.AmbiguousStepDefinitionsException: ✽.When User enters username and password &amp;quot;Admin&amp;quot; and &amp;quot;password456&amp;quot;(LoginFeature.feature:25) matches more than one step definition:
  User enters username and password in LoginFeature_StepDefinition.userEntersUsernameAndPassword()
  ^User enters username and password &amp;quot;([^&amp;quot;]*)&amp;quot; and &amp;quot;([^&amp;quot;]*)&amp;quot;$ in LoginFeature_StepDefinition.userEntersUsernameAndPasswordAnd(String,String)
">
      <![CDATA[cucumber.runtime.CucumberException: cucumber.runtime.AmbiguousStepDefinitionsException: ✽.When User enters username and password "Admin" and "password456"(LoginFeature.feature:25) matches more than one step definition:
  User enters username and password in LoginFeature_StepDefinition.userEntersUsernameAndPassword()
  ^User enters username and password "([^"]*)" and "([^"]*)"$ in LoginFeature_StepDefinition.userEntersUsernameAndPasswordAnd(String,String)

	at cucumber.api.testng.TestNGCucumberRunner.runCucumber(TestNGCucumberRunner.java:69)
	at cucumber.api.testng.AbstractTestNGCucumberTests.feature(AbstractTestNGCucumberTests.java:21)
Caused by: cucumber.runtime.AmbiguousStepDefinitionsException: ✽.When User enters username and password "Admin" and "password456"(LoginFeature.feature:25) matches more than one step definition:
  User enters username and password in LoginFeature_StepDefinition.userEntersUsernameAndPassword()
  ^User enters username and password "([^"]*)" and "([^"]*)"$ in LoginFeature_StepDefinition.userEntersUsernameAndPasswordAnd(String,String)

	at cucumber.runtime.RuntimeGlue.stepDefinitionMatch(RuntimeGlue.java:71)
	at cucumber.runtime.Runtime.runStep(Runtime.java:266)
	at cucumber.runtime.model.StepContainer.runStep(StepContainer.java:44)
	at cucumber.runtime.model.StepContainer.runSteps(StepContainer.java:39)
	at cucumber.runtime.model.CucumberScenario.run(CucumberScenario.java:44)
	at cucumber.runtime.model.CucumberScenarioOutline.run(CucumberScenarioOutline.java:46)
	at cucumber.runtime.model.CucumberFeature.run(CucumberFeature.java:165)
	at cucumber.api.testng.TestNGCucumberRunner.runCucumber(TestNGCucumberRunner.java:63)
	... 25 more
... Removed 24 stack frames]]>
    </failure>
  </testcase> <!-- feature -->
</testsuite> <!-- Default test -->
