<?xml version="1.0" encoding="UTF-8"?>
<!-- Generated by org.testng.reporters.JUnitReportReporter -->
<testsuite hostname="M7-DX-HW0NXJ2" name="Cucumber.RunnerClass" tests="1" failures="0" timestamp="8 Aug 2019 06:16:55 GMT" time="15.669" errors="1">
  <testcase name="feature" time="15.669" classname="Cucumber.RunnerClass">
    <error type="cucumber.runtime.CucumberException" message="cucumber.runtime.AmbiguousStepDefinitionsException: ✽.When User enters username and password &quot;Admin&quot; and &quot;password456&quot;(LoginFeature.feature:25) matches more than one step definition:
  User enters username and password in LoginFeature_StepDefinition.userEntersUsernameAndPassword()
  ^User enters username and password &quot;([^&quot;]*)&quot; and &quot;([^&quot;]*)&quot;$ in LoginFeature_StepDefinition.userEntersUsernameAndPasswordAnd(String,String)
">
      <![CDATA[cucumber.runtime.CucumberException: cucumber.runtime.AmbiguousStepDefinitionsException: ✽.When User enters username and password "Admin" and "password456"(LoginFeature.feature:25) matches more than one step definition:
  User enters username and password in LoginFeature_StepDefinition.userEntersUsernameAndPassword()
  ^User enters username and password "([^"]*)" and "([^"]*)"$ in LoginFeature_StepDefinition.userEntersUsernameAndPasswordAnd(String,String)

	at cucumber.api.testng.TestNGCucumberRunner.runCucumber(TestNGCucumberRunner.java:69)
	at cucumber.api.testng.AbstractTestNGCucumberTests.feature(AbstractTestNGCucumberTests.java:21)
	at sun.reflect.NativeMethodAccessorImpl.invoke0(Native Method)
	at sun.reflect.NativeMethodAccessorImpl.invoke(Unknown Source)
	at sun.reflect.DelegatingMethodAccessorImpl.invoke(Unknown Source)
	at java.lang.reflect.Method.invoke(Unknown Source)
	at org.testng.internal.MethodInvocationHelper.invokeMethod(MethodInvocationHelper.java:85)
	at org.testng.internal.Invoker.invokeMethod(Invoker.java:659)
	at org.testng.internal.Invoker.invokeTestMethod(Invoker.java:845)
	at org.testng.internal.Invoker.invokeTestMethods(Invoker.java:1153)
	at org.testng.internal.TestMethodWorker.invokeTestMethods(TestMethodWorker.java:125)
	at org.testng.internal.TestMethodWorker.run(TestMethodWorker.java:108)
	at org.testng.TestRunner.privateRun(TestRunner.java:771)
	at org.testng.TestRunner.run(TestRunner.java:621)
	at org.testng.SuiteRunner.runTest(SuiteRunner.java:357)
	at org.testng.SuiteRunner.runSequentially(SuiteRunner.java:352)
	at org.testng.SuiteRunner.privateRun(SuiteRunner.java:310)
	at org.testng.SuiteRunner.run(SuiteRunner.java:259)
	at org.testng.SuiteRunnerWorker.runSuite(SuiteRunnerWorker.java:52)
	at org.testng.SuiteRunnerWorker.run(SuiteRunnerWorker.java:86)
	at org.testng.TestNG.runSuitesSequentially(TestNG.java:1199)
	at org.testng.TestNG.runSuitesLocally(TestNG.java:1124)
	at org.testng.TestNG.run(TestNG.java:1032)
	at org.testng.remote.AbstractRemoteTestNG.run(AbstractRemoteTestNG.java:126)
	at org.testng.remote.RemoteTestNG.initAndRun(RemoteTestNG.java:152)
	at org.testng.remote.RemoteTestNG.main(RemoteTestNG.java:57)
Caused by: cucumber.runtime.AmbiguousStepDefinitionsException: ✽.When User enters username and password "Admin" and "password456"(LoginFeature.feature:25) matches more than one step definition:
  User enters username and password in LoginFeature_StepDefinition.userEntersUsernameAndPassword()
  ^User enters username and password "([^"]*)" and "([^"]*)"$ in LoginFeature_StepDefinition.userEntersUsernameAndPasswordAnd(String,String)

	at cucumber.runtime.RuntimeGlue.stepDefinitionMatch(RuntimeGlue.java:71)
	at cucumber.runtime.Runtime.runStep(Runtime.java:266)
	at cucumber.runtime.model.StepContainer.runStep(StepContainer.java:44)
	at cucumber.runtime.model.StepContainer.runSteps(StepContainer.java:39)
	at cucumber.runtime.model.CucumberScenario.run(CucumberScenario.java:44)
	at cucumber.runtime.model.CucumberScenarioOutline.run(CucumberScenarioOutline.java:46)
	at cucumber.runtime.model.CucumberFeature.run(CucumberFeature.java:165)
	at cucumber.api.testng.TestNGCucumberRunner.runCucumber(TestNGCucumberRunner.java:63)
	... 25 more
]]>
    </error>
  </testcase> <!-- feature -->
</testsuite> <!-- Cucumber.RunnerClass -->
